[debug] [2025-02-07T22:52:44.564Z] ----------------------------------------------------------------------
[debug] [2025-02-07T22:52:44.565Z] Command:       C:\nvm4w\nodejs\node.exe C:\Users\maron\AppData\Roaming\npm\node_modules\firebase-tools\lib\bin\firebase.js init
[debug] [2025-02-07T22:52:44.566Z] CLI Version:   13.29.3
[debug] [2025-02-07T22:52:44.566Z] Platform:      win32
[debug] [2025-02-07T22:52:44.566Z] Node Version:  v22.13.1
[debug] [2025-02-07T22:52:44.566Z] Time:          Fri Feb 07 2025 23:52:44 GMT+0100 (czas środkowoeuropejski standardowy)
[debug] [2025-02-07T22:52:44.566Z] ----------------------------------------------------------------------
[debug] 
[debug] [2025-02-07T22:52:44.786Z] > command requires scopes: ["email","openid","https://www.googleapis.com/auth/cloudplatformprojects.readonly","https://www.googleapis.com/auth/firebase","https://www.googleapis.com/auth/cloud-platform"]
[debug] [2025-02-07T22:52:44.786Z] > authorizing via signed-in user (maronatwo@gmail.com)
[info] 
     ######## #### ########  ######## ########     ###     ######  ########
     ##        ##  ##     ## ##       ##     ##  ##   ##  ##       ##
     ######    ##  ########  ######   ########  #########  ######  ######
     ##        ##  ##    ##  ##       ##     ## ##     ##       ## ##
     ##       #### ##     ## ######## ########  ##     ##  ######  ########

You're about to initialize a Firebase project in this directory:

  D:\Dane\Studia_TAMiI\Merito_BoardGames\Planszowki

Before we get started, keep in mind:

  * You are initializing within an existing Firebase project directory

[info] 
=== Project Setup
[info] 
[info] First, let's associate this project directory with a Firebase project.
[info] You can create multiple project aliases by running firebase use --add, 
[info] but for now we'll just set up a default project.
[info] 
[debug] [2025-02-07T22:53:18.793Z] Using project from CLI flag: planszowki-3cbf8
[debug] [2025-02-07T22:53:18.794Z] Checked if tokens are valid: false, expires at: 1738968119612
[debug] [2025-02-07T22:53:18.794Z] Checked if tokens are valid: false, expires at: 1738968119612
[debug] [2025-02-07T22:53:18.794Z] > refreshing access token with scopes: []
[debug] [2025-02-07T22:53:18.795Z] >>> [apiv2][query] POST https://www.googleapis.com/oauth2/v3/token [none]
[debug] [2025-02-07T22:53:18.795Z] >>> [apiv2][body] POST https://www.googleapis.com/oauth2/v3/token [omitted]
[debug] [2025-02-07T22:53:18.951Z] <<< [apiv2][status] POST https://www.googleapis.com/oauth2/v3/token 200
[debug] [2025-02-07T22:53:18.951Z] <<< [apiv2][body] POST https://www.googleapis.com/oauth2/v3/token [omitted]
[debug] [2025-02-07T22:53:18.970Z] >>> [apiv2][query] GET https://firebase.googleapis.com/v1beta1/projects/planszowki-3cbf8 [none]
[debug] [2025-02-07T22:53:19.283Z] <<< [apiv2][status] GET https://firebase.googleapis.com/v1beta1/projects/planszowki-3cbf8 200
[debug] [2025-02-07T22:53:19.284Z] <<< [apiv2][body] GET https://firebase.googleapis.com/v1beta1/projects/planszowki-3cbf8 {"projectId":"planszowki-3cbf8","projectNumber":"131682775338","displayName":"Planszowki","name":"projects/planszowki-3cbf8","resources":{"hostingSite":"planszowki-3cbf8"},"state":"ACTIVE","etag":"1_8c4b4d6d-db20-4d4c-afff-2526e0171895"}
[info] i  Using project planszowki-3cbf8 (Planszowki) 
[info] 
=== Hosting Setup
[debug] [2025-02-07T22:53:19.289Z] Checked if tokens are valid: true, expires at: 1738972397951
[debug] [2025-02-07T22:53:19.289Z] Checked if tokens are valid: true, expires at: 1738972397951
[debug] [2025-02-07T22:53:19.289Z] >>> [apiv2][query] GET https://firebase.googleapis.com/v1beta1/projects/planszowki-3cbf8 [none]
[debug] [2025-02-07T22:53:19.513Z] <<< [apiv2][status] GET https://firebase.googleapis.com/v1beta1/projects/planszowki-3cbf8 200
[debug] [2025-02-07T22:53:19.514Z] <<< [apiv2][body] GET https://firebase.googleapis.com/v1beta1/projects/planszowki-3cbf8 {"projectId":"planszowki-3cbf8","projectNumber":"131682775338","displayName":"Planszowki","name":"projects/planszowki-3cbf8","resources":{"hostingSite":"planszowki-3cbf8"},"state":"ACTIVE","etag":"1_8c4b4d6d-db20-4d4c-afff-2526e0171895"}
[info] 
[info] Your public directory is the folder (relative to your project directory) that
[info] will contain Hosting assets to be uploaded with firebase deploy. If you
[info] have a build process for your assets, use your build's output directory.
[info] 
[debug] [2025-02-07T22:53:41.253Z] >>> [apiv2][query] GET https://www.gstatic.com/firebasejs/releases.json [none]
[debug] [2025-02-07T22:53:41.356Z] <<< [apiv2][status] GET https://www.gstatic.com/firebasejs/releases.json 200
[debug] [2025-02-07T22:53:41.357Z] <<< [apiv2][body] GET https://www.gstatic.com/firebasejs/releases.json {"current":{"version":"11.3.0","browserURL":"https://www.gstatic.com/firebasejs/11.3.0/firebase.js","packageURL":"https://www.gstatic.com/firebasejs/11.3.0/firebase.tgz"},"live":{"version":"11.3","browserURL":"https://www.gstatic.com/firebasejs/live/11.3/firebase.js","packageURL":"https://www.gstatic.com/firebasejs/live/11.3/firebase.tgz"},"components":{"analytics":"https://www.gstatic.com/firebasejs/11.3.0/firebase-analytics.js","app":"https://www.gstatic.com/firebasejs/11.3.0/firebase-app.js","app-check":"https://www.gstatic.com/firebasejs/11.3.0/firebase-app-check.js","auth":"https://www.gstatic.com/firebasejs/11.3.0/firebase-auth.js","auth/cordova":"https://www.gstatic.com/firebasejs/11.3.0/firebase-auth/cordova.js","auth/web-extension":"https://www.gstatic.com/firebasejs/11.3.0/firebase-auth/web-extension.js","functions":"https://www.gstatic.com/firebasejs/11.3.0/firebase-functions.js","firestore":"https://www.gstatic.com/firebasejs/11.3.0/firebase-firestore.js","firestore/lite":"https://www.gstatic.com/firebasejs/11.3.0/firebase-firestore/lite.js","installations":"https://www.gstatic.com/firebasejs/11.3.0/firebase-installations.js","storage":"https://www.gstatic.com/firebasejs/11.3.0/firebase-storage.js","performance":"https://www.gstatic.com/firebasejs/11.3.0/firebase-performance.js","remote-config":"https://www.gstatic.com/firebasejs/11.3.0/firebase-remote-config.js","messaging":"https://www.gstatic.com/firebasejs/11.3.0/firebase-messaging.js","messaging/sw":"https://www.gstatic.com/firebasejs/11.3.0/firebase-messaging/sw.js","database":"https://www.gstatic.com/firebasejs/11.3.0/firebase-database.js","vertexai":"https://www.gstatic.com/firebasejs/11.3.0/firebase-vertexai.js","data-connect":"https://www.gstatic.com/firebasejs/11.3.0/firebase-data-connect.js","firestore.memory":"https://www.gstatic.com/firebasejs/11.3.0/firebase-firestore.memory.js"}}
[debug] [2025-02-07T22:54:39.128Z] ----------------------------------------------------------------------
[debug] [2025-02-07T22:54:39.130Z] Command:       C:\nvm4w\nodejs\node.exe C:\Users\maron\AppData\Roaming\npm\node_modules\firebase-tools\lib\bin\firebase.js init
[debug] [2025-02-07T22:54:39.130Z] CLI Version:   13.29.3
[debug] [2025-02-07T22:54:39.130Z] Platform:      win32
[debug] [2025-02-07T22:54:39.130Z] Node Version:  v22.13.1
[debug] [2025-02-07T22:54:39.130Z] Time:          Fri Feb 07 2025 23:54:39 GMT+0100 (czas środkowoeuropejski standardowy)
[debug] [2025-02-07T22:54:39.130Z] ----------------------------------------------------------------------
[debug] 
[debug] [2025-02-07T22:54:39.254Z] > command requires scopes: ["email","openid","https://www.googleapis.com/auth/cloudplatformprojects.readonly","https://www.googleapis.com/auth/firebase","https://www.googleapis.com/auth/cloud-platform"]
[debug] [2025-02-07T22:54:39.254Z] > authorizing via signed-in user (maronatwo@gmail.com)
[info] 
     ######## #### ########  ######## ########     ###     ######  ########
     ##        ##  ##     ## ##       ##     ##  ##   ##  ##       ##
     ######    ##  ########  ######   ########  #########  ######  ######
     ##        ##  ##    ##  ##       ##     ## ##     ##       ## ##
     ##       #### ##     ## ######## ########  ##     ##  ######  ########

You're about to initialize a Firebase project in this directory:

  D:\Dane\Studia_TAMiI\Merito_BoardGames\Planszowki

Before we get started, keep in mind:

  * You are initializing within an existing Firebase project directory

[info] 
=== Project Setup
[info] 
[info] First, let's associate this project directory with a Firebase project.
[info] You can create multiple project aliases by running firebase use --add, 
[info] but for now we'll just set up a default project.
[info] 
[debug] [2025-02-07T22:54:51.726Z] Using project from CLI flag: planszowki-3cbf8
[debug] [2025-02-07T22:54:51.727Z] Checked if tokens are valid: true, expires at: 1738972397951
[debug] [2025-02-07T22:54:51.727Z] Checked if tokens are valid: true, expires at: 1738972397951
[debug] [2025-02-07T22:54:51.728Z] >>> [apiv2][query] GET https://firebase.googleapis.com/v1beta1/projects/planszowki-3cbf8 [none]
[debug] [2025-02-07T22:54:52.054Z] <<< [apiv2][status] GET https://firebase.googleapis.com/v1beta1/projects/planszowki-3cbf8 200
[debug] [2025-02-07T22:54:52.054Z] <<< [apiv2][body] GET https://firebase.googleapis.com/v1beta1/projects/planszowki-3cbf8 {"projectId":"planszowki-3cbf8","projectNumber":"131682775338","displayName":"Planszowki","name":"projects/planszowki-3cbf8","resources":{"hostingSite":"planszowki-3cbf8"},"state":"ACTIVE","etag":"1_8c4b4d6d-db20-4d4c-afff-2526e0171895"}
[info] i  Using project planszowki-3cbf8 (Planszowki) 
[info] 
=== Hosting Setup
[debug] [2025-02-07T22:54:52.059Z] Checked if tokens are valid: true, expires at: 1738972397951
[debug] [2025-02-07T22:54:52.059Z] Checked if tokens are valid: true, expires at: 1738972397951
[debug] [2025-02-07T22:54:52.059Z] >>> [apiv2][query] GET https://firebase.googleapis.com/v1beta1/projects/planszowki-3cbf8 [none]
[debug] [2025-02-07T22:54:52.303Z] <<< [apiv2][status] GET https://firebase.googleapis.com/v1beta1/projects/planszowki-3cbf8 200
[debug] [2025-02-07T22:54:52.303Z] <<< [apiv2][body] GET https://firebase.googleapis.com/v1beta1/projects/planszowki-3cbf8 {"projectId":"planszowki-3cbf8","projectNumber":"131682775338","displayName":"Planszowki","name":"projects/planszowki-3cbf8","resources":{"hostingSite":"planszowki-3cbf8"},"state":"ACTIVE","etag":"1_8c4b4d6d-db20-4d4c-afff-2526e0171895"}
[info] 
[info] Your public directory is the folder (relative to your project directory) that
[info] will contain Hosting assets to be uploaded with firebase deploy. If you
[info] have a build process for your assets, use your build's output directory.
[info] 
